Flow report for FPU
Fri Jun 28 17:18:51 2024
Quartus II 64-Bit Version 13.1.0 Build 162 10/23/2013 SJ Web Edition


---------------------
; Table of Contents ;
---------------------
  1. Legal Notice
  2. Flow Summary
  3. Flow Settings
  4. Flow Non-Default Global Settings
  5. Flow Elapsed Time
  6. Flow OS Summary
  7. Flow Log
  8. Flow Messages
  9. Flow Suppressed Messages



----------------
; Legal Notice ;
----------------
Copyright (C) 1991-2013 Altera Corporation
Your use of Altera Corporation's design tools, logic functions 
and other software and tools, and its AMPP partner logic 
functions, and any output files from any of the foregoing 
(including device programming or simulation files), and any 
associated documentation or information are expressly subject 
to the terms and conditions of the Altera Program License 
Subscription Agreement, Altera MegaCore Function License 
Agreement, or other applicable license agreement, including, 
without limitation, that your use is for the sole purpose of 
programming logic devices manufactured by Altera and sold by 
Altera or its authorized distributors.  Please refer to the 
applicable agreement for further details.



+------------------------------------------------------------------------+
; Flow Summary                                                           ;
+---------------------------+--------------------------------------------+
; Flow Status               ; Successful - Fri Jun 28 17:18:51 2024      ;
; Quartus II 64-Bit Version ; 13.1.0 Build 162 10/23/2013 SJ Web Edition ;
; Revision Name             ; FPU                                        ;
; Top-level Entity Name     ; fp_mul                                     ;
; Family                    ; MAX V                                      ;
; Total logic elements      ; 148 / 160 ( 93 % )                         ;
; Total pins                ; 27 / 52 ( 52 % )                           ;
; Total virtual pins        ; 0                                          ;
; UFM blocks                ; 0 / 1 ( 0 % )                              ;
; Device                    ; 5M160ZM68C4                                ;
; Timing Models             ; Final                                      ;
+---------------------------+--------------------------------------------+


+-----------------------------------------+
; Flow Settings                           ;
+-------------------+---------------------+
; Option            ; Setting             ;
+-------------------+---------------------+
; Start date & time ; 06/28/2024 17:18:29 ;
; Main task         ; Compilation         ;
; Revision Name     ; FPU                 ;
+-------------------+---------------------+


+-----------------------------------------------------------------------------------------------------------------------------+
; Flow Non-Default Global Settings                                                                                            ;
+---------------------------------+--------------------------------------------+---------------+-------------+----------------+
; Assignment Name                 ; Value                                      ; Default Value ; Entity Name ; Section Id     ;
+---------------------------------+--------------------------------------------+---------------+-------------+----------------+
; COMPILER_SIGNATURE_ID           ; 238300924981240.171958250916856            ; --            ; --          ; --             ;
; EDA_GENERATE_FUNCTIONAL_NETLIST ; On                                         ; --            ; --          ; eda_simulation ;
; EDA_NETLIST_WRITER_OUTPUT_DIR   ; E:/altera/13.1/uni/CA/FPU/simulation/qsim/ ; --            ; --          ; eda_simulation ;
; EDA_OUTPUT_DATA_FORMAT          ; Verilog Hdl                                ; --            ; --          ; eda_simulation ;
; EDA_SIMULATION_TOOL             ; ModelSim-Altera (Verilog)                  ; <None>        ; --          ; --             ;
; IP_TOOL_NAME                    ; LPM_CONSTANT                               ; --            ; --          ; --             ;
; IP_TOOL_NAME                    ; LPM_COMPARE                                ; --            ; --          ; --             ;
; IP_TOOL_NAME                    ; LPM_CLSHIFT                                ; --            ; --          ; --             ;
; IP_TOOL_NAME                    ; LPM_ADD_SUB                                ; --            ; --          ; --             ;
; IP_TOOL_NAME                    ; LPM_COMPARE                                ; --            ; --          ; --             ;
; IP_TOOL_NAME                    ; LPM_ADD_SUB                                ; --            ; --          ; --             ;
; IP_TOOL_NAME                    ; LPM_ADD_SUB                                ; --            ; --          ; --             ;
; IP_TOOL_NAME                    ; LPM_ADD_SUB                                ; --            ; --          ; --             ;
; IP_TOOL_NAME                    ; LPM_COMPARE                                ; --            ; --          ; --             ;
; IP_TOOL_NAME                    ; LPM_CONSTANT                               ; --            ; --          ; --             ;
; IP_TOOL_NAME                    ; LPM_CONSTANT                               ; --            ; --          ; --             ;
; IP_TOOL_NAME                    ; LPM_ADD_SUB                                ; --            ; --          ; --             ;
; IP_TOOL_NAME                    ; LPM_COMPARE                                ; --            ; --          ; --             ;
; IP_TOOL_NAME                    ; LPM_COMPARE                                ; --            ; --          ; --             ;
; IP_TOOL_NAME                    ; LPM_ADD_SUB                                ; --            ; --          ; --             ;
; IP_TOOL_NAME                    ; LPM_COMPARE                                ; --            ; --          ; --             ;
; IP_TOOL_NAME                    ; LPM_ADD_SUB                                ; --            ; --          ; --             ;
; IP_TOOL_NAME                    ; LPM_COMPARE                                ; --            ; --          ; --             ;
; IP_TOOL_NAME                    ; LPM_ADD_SUB                                ; --            ; --          ; --             ;
; IP_TOOL_NAME                    ; LPM_ADD_SUB                                ; --            ; --          ; --             ;
; IP_TOOL_NAME                    ; LPM_ADD_SUB                                ; --            ; --          ; --             ;
; IP_TOOL_NAME                    ; LPM_ADD_SUB                                ; --            ; --          ; --             ;
; IP_TOOL_VERSION                 ; 13.1                                       ; --            ; --          ; --             ;
; IP_TOOL_VERSION                 ; 13.1                                       ; --            ; --          ; --             ;
; IP_TOOL_VERSION                 ; 13.1                                       ; --            ; --          ; --             ;
; IP_TOOL_VERSION                 ; 13.1                                       ; --            ; --          ; --             ;
; IP_TOOL_VERSION                 ; 13.1                                       ; --            ; --          ; --             ;
; IP_TOOL_VERSION                 ; 13.1                                       ; --            ; --          ; --             ;
; IP_TOOL_VERSION                 ; 13.1                                       ; --            ; --          ; --             ;
; IP_TOOL_VERSION                 ; 13.1                                       ; --            ; --          ; --             ;
; IP_TOOL_VERSION                 ; 13.1                                       ; --            ; --          ; --             ;
; IP_TOOL_VERSION                 ; 13.1                                       ; --            ; --          ; --             ;
; IP_TOOL_VERSION                 ; 13.1                                       ; --            ; --          ; --             ;
; IP_TOOL_VERSION                 ; 13.1                                       ; --            ; --          ; --             ;
; IP_TOOL_VERSION                 ; 13.1                                       ; --            ; --          ; --             ;
; IP_TOOL_VERSION                 ; 13.1                                       ; --            ; --          ; --             ;
; IP_TOOL_VERSION                 ; 13.1                                       ; --            ; --          ; --             ;
; IP_TOOL_VERSION                 ; 13.1                                       ; --            ; --          ; --             ;
; IP_TOOL_VERSION                 ; 13.1                                       ; --            ; --          ; --             ;
; IP_TOOL_VERSION                 ; 13.1                                       ; --            ; --          ; --             ;
; IP_TOOL_VERSION                 ; 13.1                                       ; --            ; --          ; --             ;
; IP_TOOL_VERSION                 ; 13.1                                       ; --            ; --          ; --             ;
; IP_TOOL_VERSION                 ; 13.1                                       ; --            ; --          ; --             ;
; IP_TOOL_VERSION                 ; 13.1                                       ; --            ; --          ; --             ;
; MISC_FILE                       ; zero.bsf                                   ; --            ; --          ; --             ;
; MISC_FILE                       ; zero_bb.v                                  ; --            ; --          ; --             ;
; MISC_FILE                       ; zero_syn.v                                 ; --            ; --          ; --             ;
; MISC_FILE                       ; man_zero_compare.bsf                       ; --            ; --          ; --             ;
; MISC_FILE                       ; man_zero_compare_bb.v                      ; --            ; --          ; --             ;
; MISC_FILE                       ; man_zero_compare_syn.v                     ; --            ; --          ; --             ;
; MISC_FILE                       ; man_shifter.bsf                            ; --            ; --          ; --             ;
; MISC_FILE                       ; man_shifter_bb.v                           ; --            ; --          ; --             ;
; MISC_FILE                       ; man_shifter_syn.v                          ; --            ; --          ; --             ;
; MISC_FILE                       ; man_add_sub.bsf                            ; --            ; --          ; --             ;
; MISC_FILE                       ; man_add_sub_bb.v                           ; --            ; --          ; --             ;
; MISC_FILE                       ; man_add_sub_syn.v                          ; --            ; --          ; --             ;
; MISC_FILE                       ; lpm_compare0.bsf                           ; --            ; --          ; --             ;
; MISC_FILE                       ; lpm_compare0_bb.v                          ; --            ; --          ; --             ;
; MISC_FILE                       ; incrementor.bsf                            ; --            ; --          ; --             ;
; MISC_FILE                       ; incrementor_bb.v                           ; --            ; --          ; --             ;
; MISC_FILE                       ; incrementor_syn.v                          ; --            ; --          ; --             ;
; MISC_FILE                       ; exp_subtractor.bsf                         ; --            ; --          ; --             ;
; MISC_FILE                       ; exp_subtractor_bb.v                        ; --            ; --          ; --             ;
; MISC_FILE                       ; exp_subtractor_syn.v                       ; --            ; --          ; --             ;
; MISC_FILE                       ; exp_incrementor.bsf                        ; --            ; --          ; --             ;
; MISC_FILE                       ; exp_incrementor_bb.v                       ; --            ; --          ; --             ;
; MISC_FILE                       ; exp_incrementor_syn.v                      ; --            ; --          ; --             ;
; MISC_FILE                       ; less_than.bsf                              ; --            ; --          ; --             ;
; MISC_FILE                       ; less_than_bb.v                             ; --            ; --          ; --             ;
; MISC_FILE                       ; less_than_syn.v                            ; --            ; --          ; --             ;
; MISC_FILE                       ; nan.bsf                                    ; --            ; --          ; --             ;
; MISC_FILE                       ; nan_bb.v                                   ; --            ; --          ; --             ;
; MISC_FILE                       ; nan_syn.v                                  ; --            ; --          ; --             ;
; MISC_FILE                       ; infinity.bsf                               ; --            ; --          ; --             ;
; MISC_FILE                       ; infinity_bb.v                              ; --            ; --          ; --             ;
; MISC_FILE                       ; infinity_syn.v                             ; --            ; --          ; --             ;
; MISC_FILE                       ; lpm_add0.bsf                               ; --            ; --          ; --             ;
; MISC_FILE                       ; lpm_add0_bb.v                              ; --            ; --          ; --             ;
; MISC_FILE                       ; lpm_add0_syn.v                             ; --            ; --          ; --             ;
; MISC_FILE                       ; zero_compare.bsf                           ; --            ; --          ; --             ;
; MISC_FILE                       ; zero_compare_bb.v                          ; --            ; --          ; --             ;
; MISC_FILE                       ; zero_compare_syn.v                         ; --            ; --          ; --             ;
; MISC_FILE                       ; four_compare.bsf                           ; --            ; --          ; --             ;
; MISC_FILE                       ; four_compare_bb.v                          ; --            ; --          ; --             ;
; MISC_FILE                       ; four_compare_syn.v                         ; --            ; --          ; --             ;
; MISC_FILE                       ; sub_four.bsf                               ; --            ; --          ; --             ;
; MISC_FILE                       ; sub_four_bb.v                              ; --            ; --          ; --             ;
; MISC_FILE                       ; sub_four_syn.v                             ; --            ; --          ; --             ;
; MISC_FILE                       ; two_compare.bsf                            ; --            ; --          ; --             ;
; MISC_FILE                       ; two_compare_bb.v                           ; --            ; --          ; --             ;
; MISC_FILE                       ; two_compare_syn.v                          ; --            ; --          ; --             ;
; MISC_FILE                       ; sub_two.bsf                                ; --            ; --          ; --             ;
; MISC_FILE                       ; sub_two_bb.v                               ; --            ; --          ; --             ;
; MISC_FILE                       ; sub_two_syn.v                              ; --            ; --          ; --             ;
; MISC_FILE                       ; one_compare.bsf                            ; --            ; --          ; --             ;
; MISC_FILE                       ; one_compare_bb.v                           ; --            ; --          ; --             ;
; MISC_FILE                       ; one_compare_syn.v                          ; --            ; --          ; --             ;
; MISC_FILE                       ; sub_one.bsf                                ; --            ; --          ; --             ;
; MISC_FILE                       ; sub_one_bb.v                               ; --            ; --          ; --             ;
; MISC_FILE                       ; sub_one_syn.v                              ; --            ; --          ; --             ;
; MISC_FILE                       ; last_man_add.bsf                           ; --            ; --          ; --             ;
; MISC_FILE                       ; last_man_add_bb.v                          ; --            ; --          ; --             ;
; MISC_FILE                       ; last_man_add_syn.v                         ; --            ; --          ; --             ;
; MISC_FILE                       ; adder_16.bsf                               ; --            ; --          ; --             ;
; MISC_FILE                       ; adder_16_bb.v                              ; --            ; --          ; --             ;
; MISC_FILE                       ; add_5.bsf                                  ; --            ; --          ; --             ;
; MISC_FILE                       ; add_5_bb.v                                 ; --            ; --          ; --             ;
; PROJECT_OUTPUT_DIRECTORY        ; output_files                               ; --            ; --          ; --             ;
; TOP_LEVEL_ENTITY                ; fp_mul                                     ; FPU           ; --          ; --             ;
+---------------------------------+--------------------------------------------+---------------+-------------+----------------+


+-------------------------------------------------------------------------------------------------------------------------------+
; Flow Elapsed Time                                                                                                             ;
+---------------------------+--------------+-------------------------+---------------------+------------------------------------+
; Module Name               ; Elapsed Time ; Average Processors Used ; Peak Virtual Memory ; Total CPU Time (on all processors) ;
+---------------------------+--------------+-------------------------+---------------------+------------------------------------+
; Analysis & Synthesis      ; 00:00:02     ; 1.0                     ; 4623 MB             ; 00:00:01                           ;
; Fitter                    ; 00:00:01     ; 1.0                     ; 4827 MB             ; 00:00:01                           ;
; Assembler                 ; 00:00:01     ; 1.0                     ; 4542 MB             ; 00:00:00                           ;
; TimeQuest Timing Analyzer ; 00:00:00     ; 1.0                     ; 4548 MB             ; 00:00:00                           ;
; EDA Netlist Writer        ; 00:00:00     ; 1.0                     ; 4506 MB             ; 00:00:00                           ;
; EDA Netlist Writer        ; 00:00:00     ; 1.0                     ; 4529 MB             ; 00:00:00                           ;
; EDA Netlist Writer        ; 00:00:01     ; 1.0                     ; 4529 MB             ; 00:00:00                           ;
; Total                     ; 00:00:05     ; --                      ; --                  ; 00:00:02                           ;
+---------------------------+--------------+-------------------------+---------------------+------------------------------------+


+----------------------------------------------------------------------------------------+
; Flow OS Summary                                                                        ;
+---------------------------+------------------+-----------+------------+----------------+
; Module Name               ; Machine Hostname ; OS Name   ; OS Version ; Processor type ;
+---------------------------+------------------+-----------+------------+----------------+
; Analysis & Synthesis      ; MSI-PC           ; Windows 7 ; 6.2        ; x86_64         ;
; Fitter                    ; MSI-PC           ; Windows 7 ; 6.2        ; x86_64         ;
; Assembler                 ; MSI-PC           ; Windows 7 ; 6.2        ; x86_64         ;
; TimeQuest Timing Analyzer ; MSI-PC           ; Windows 7 ; 6.2        ; x86_64         ;
; EDA Netlist Writer        ; MSI-PC           ; Windows 7 ; 6.2        ; x86_64         ;
; EDA Netlist Writer        ; MSI-PC           ; Windows 7 ; 6.2        ; x86_64         ;
; EDA Netlist Writer        ; MSI-PC           ; Windows 7 ; 6.2        ; x86_64         ;
+---------------------------+------------------+-----------+------------+----------------+


------------
; Flow Log ;
------------
quartus_map --read_settings_files=on --write_settings_files=off FPU -c FPU
quartus_fit --read_settings_files=off --write_settings_files=off FPU -c FPU
quartus_asm --read_settings_files=off --write_settings_files=off FPU -c FPU
quartus_sta FPU -c FPU
quartus_eda --read_settings_files=off --write_settings_files=off FPU -c FPU
quartus_eda --gen_testbench --check_outputs=on --tool=modelsim_oem --format=verilog FPU -c FPU --vector_source=E:/altera/13.1/uni/CA/FPU/fp_mul.vwf --testbench_file=E:/altera/13.1/uni/CA/FPU/simulation/qsim/fp_mul.vwf.vt
quartus_eda --functional=on --flatten_buses=off --simulation=on --tool=modelsim_oem --format=verilog --output_directory=E:/altera/13.1/uni/CA/FPU/simulation/qsim/ FPU -c FPU



